<?xml version="1.0" encoding="UTF-8"?>
<!-- Generated by org.testng.reporters.JUnitReportReporter -->
<testsuite skipped="0" hostname="mahbub-VirtualBox" name="TestRunner.jan" tests="1" failures="0" timestamp="03 Jan 2019 00:23:45 GMT" time="12.915" errors="0">
  <testcase name="feature" time="12.915" classname="TestRunner.jan"/>
</testsuite> <!-- TestRunner.jan -->
